{
  "RSpec": {
    "coverage": {
      "/home/jidefajobi/Dropbox/Launch_Academy_Work/breakable_toy/Mystery_Meals/app/models/user.rb": [
        1,
        null,
        null,
        null,
        1,
        null,
        null,
        null,
        1,
        1,
        1,
        1,
        1,
        1,
        null,
        null,
        null,
        null,
        1,
        12,
        null,
        null,
        null
      ],
      "/home/jidefajobi/Dropbox/Launch_Academy_Work/breakable_toy/Mystery_Meals/app/controllers/application_controller.rb": [
        1,
        1,
        null,
        null
      ],
      "/home/jidefajobi/Dropbox/Launch_Academy_Work/breakable_toy/Mystery_Meals/app/helpers/application_helper.rb": [
        1,
        null
      ],
      "/home/jidefajobi/Dropbox/Launch_Academy_Work/breakable_toy/Mystery_Meals/app/controllers/home_controller.rb": [
        1,
        1,
        null,
        null,
        null
      ],
      "/home/jidefajobi/Dropbox/Launch_Academy_Work/breakable_toy/Mystery_Meals/app/controllers/meal_offer_searches_controller.rb": [
        1,
        null,
        1,
        8,
        null,
        null,
        1,
        8,
        8,
        null,
        null,
        1,
        3,
        3,
        3,
        null,
        null,
        null,
        1,
        8,
        8,
        8,
        8,
        8,
        null,
        0,
        null,
        null,
        null,
        null
      ],
      "/home/jidefajobi/Dropbox/Launch_Academy_Work/breakable_toy/Mystery_Meals/app/models/meal_offer_search.rb": [
        1,
        1,
        1,
        null,
        null,
        null,
        1,
        null,
        1,
        1,
        1,
        null,
        1,
        0,
        null,
        null
      ],
      "/home/jidefajobi/Dropbox/Launch_Academy_Work/breakable_toy/Mystery_Meals/app/controllers/meals_controller.rb": [
        1,
        null,
        1,
        0,
        0,
        0,
        0,
        0,
        0,
        0,
        0,
        null,
        null,
        0,
        0,
        null,
        0,
        null,
        null,
        null
      ],
      "/home/jidefajobi/Dropbox/Launch_Academy_Work/breakable_toy/Mystery_Meals/app/models/meal.rb": [
        1,
        1,
        1,
        1,
        1,
        1,
        1,
        null
      ],
      "/home/jidefajobi/Dropbox/Launch_Academy_Work/breakable_toy/Mystery_Meals/app/controllers/menu_items_controller.rb": [
        1,
        null,
        1,
        1,
        1,
        null,
        null,
        1,
        null,
        null,
        1,
        1,
        1,
        1,
        null,
        1,
        1,
        null,
        0,
        null,
        null,
        null,
        1,
        0,
        null,
        0,
        0,
        null,
        null,
        null,
        1,
        0,
        0,
        0,
        null,
        null,
        null,
        null
      ],
      "/home/jidefajobi/Dropbox/Launch_Academy_Work/breakable_toy/Mystery_Meals/app/models/menu_item.rb": [
        1,
        1,
        1,
        1,
        null,
        1,
        1,
        null,
        null
      ],
      "/home/jidefajobi/Dropbox/Launch_Academy_Work/breakable_toy/Mystery_Meals/app/uploaders/menu_item_image_uploader.rb": [
        null,
        null,
        1,
        null,
        null,
        null,
        null,
        null,
        null,
        null,
        null,
        null,
        null,
        1,
        null,
        null,
        null,
        null,
        1,
        0,
        null,
        null,
        null,
        null,
        null,
        null,
        null,
        null,
        null,
        null,
        null,
        null,
        null,
        null,
        null,
        null,
        null,
        null,
        null,
        null,
        null,
        null,
        null,
        null,
        null,
        null,
        null,
        null,
        null,
        null,
        null,
        null,
        null,
        null,
        null
      ],
      "/home/jidefajobi/Dropbox/Launch_Academy_Work/breakable_toy/Mystery_Meals/app/controllers/restaurants_controller.rb": [
        1,
        null,
        1,
        1,
        null,
        null,
        1,
        1,
        null,
        1,
        1,
        null,
        0,
        null,
        null,
        null,
        1,
        0,
        null,
        null,
        null
      ],
      "/home/jidefajobi/Dropbox/Launch_Academy_Work/breakable_toy/Mystery_Meals/app/models/restaurant.rb": [
        1,
        1,
        null,
        null,
        null,
        1,
        1,
        null,
        1,
        1,
        1,
        null,
        1,
        9,
        null,
        null,
        null
      ],
      "/home/jidefajobi/Dropbox/Launch_Academy_Work/breakable_toy/Mystery_Meals/app/uploaders/restaurant_image_uploader.rb": [
        null,
        null,
        1,
        null,
        null,
        null,
        null,
        null,
        null,
        null,
        null,
        null,
        null,
        1,
        null,
        null,
        null,
        null,
        1,
        0,
        null,
        null,
        null,
        null,
        null,
        null,
        null,
        null,
        null,
        null,
        null,
        null,
        null,
        null,
        null,
        null,
        null,
        null,
        null,
        null,
        null,
        null,
        null,
        null,
        null,
        null,
        null,
        null,
        null,
        null,
        null,
        null,
        null,
        null,
        null
      ],
      "/home/jidefajobi/Dropbox/Launch_Academy_Work/breakable_toy/Mystery_Meals/app/models/ability.rb": [
        1,
        1,
        null,
        1,
        0,
        0,
        null,
        null,
        null,
        0,
        0,
        null,
        0,
        null,
        null,
        null,
        null,
        null,
        null,
        null,
        null,
        null,
        null,
        null,
        null,
        null,
        null,
        null,
        null,
        null,
        null,
        null,
        null,
        null
      ],
      "/home/jidefajobi/Dropbox/Launch_Academy_Work/breakable_toy/Mystery_Meals/app/models/review.rb": [
        1,
        1,
        1,
        1,
        1,
        null
      ]
    },
    "timestamp": 1375131173
  }
}
